[2024-02-03 20:15:09,681: INFO: main: Welcom to our custom log]
[2024-02-04 17:32:24,221: INFO: main: Welcom to our custom log]
[2024-02-04 17:32:24,221: INFO: main: >>>>>> stage Data Ingestion stage started <<<<<<]
[2024-02-04 17:32:24,222: INFO: common: yaml file: config/config.yaml loaded successfully]
[2024-02-04 17:32:24,222: INFO: common: yaml file: params.yaml loaded successfully]
[2024-02-04 17:32:24,222: INFO: common: created directory at: artifacts]
[2024-02-04 17:32:24,222: INFO: common: created directory at: artifacts/data_ingestion]
[2024-02-04 17:32:24,222: ERROR: main: name 'os' is not defined]
Traceback (most recent call last):
  File "main.py", line 13, in <module>
    data_ingestion.main()
  File "/home/fintechsys/MLflow projects/kidney-Disease-classification-Deep-Learning--project/src/cnnClassifier/pipeline/stage_01_data_ingestion.py", line 16, in main
    data_ingestion.download_file()
  File "/home/fintechsys/MLflow projects/kidney-Disease-classification-Deep-Learning--project/src/cnnClassifier/components/data_ingestion.py", line 30, in download_file
    raise e
  File "/home/fintechsys/MLflow projects/kidney-Disease-classification-Deep-Learning--project/src/cnnClassifier/components/data_ingestion.py", line 20, in download_file
    os.makedirs("artifacts/data_ingestion", exist_ok=True)
NameError: name 'os' is not defined
[2024-02-04 17:33:31,259: INFO: main: Welcom to our custom log]
[2024-02-04 17:33:31,259: INFO: main: >>>>>> stage Data Ingestion stage started <<<<<<]
[2024-02-04 17:33:31,260: INFO: common: yaml file: config/config.yaml loaded successfully]
[2024-02-04 17:33:31,260: INFO: common: yaml file: params.yaml loaded successfully]
[2024-02-04 17:33:31,260: INFO: common: created directory at: artifacts]
[2024-02-04 17:33:31,260: INFO: common: created directory at: artifacts/data_ingestion]
[2024-02-04 17:33:31,260: INFO: data_ingestion: Downloading data from https://drive.google.com/file/d/17iriTzXvzVbMtVrI1mNW0uZAwgqM9tE3/view?usp=drive_link into file artifacts/data_ingestion/data.zip]
[2024-02-04 17:35:29,895: INFO: data_ingestion: Downloaded data from https://drive.google.com/file/d/17iriTzXvzVbMtVrI1mNW0uZAwgqM9tE3/view?usp=drive_link into file artifacts/data_ingestion/data.zip]
[2024-02-04 17:35:30,502: INFO: main: >>>>>> stage Data Ingestion stage completed <<<<<<

x==========x]
[2024-02-04 18:17:56,465: INFO: main: Welcom to our custom log]
[2024-02-04 18:17:56,465: INFO: main: >>>>>> stage Data Ingestion stage started <<<<<<]
[2024-02-04 18:17:56,466: INFO: common: yaml file: config/config.yaml loaded successfully]
[2024-02-04 18:17:56,466: INFO: common: yaml file: params.yaml loaded successfully]
[2024-02-04 18:17:56,466: INFO: common: created directory at: artifacts]
[2024-02-04 18:17:56,467: INFO: common: created directory at: artifacts/data_ingestion]
[2024-02-04 18:17:56,467: INFO: data_ingestion: Downloading data from https://drive.google.com/file/d/17iriTzXvzVbMtVrI1mNW0uZAwgqM9tE3/view?usp=drive_link into file artifacts/data_ingestion/data.zip]
[2024-02-04 18:19:55,792: INFO: data_ingestion: Downloaded data from https://drive.google.com/file/d/17iriTzXvzVbMtVrI1mNW0uZAwgqM9tE3/view?usp=drive_link into file artifacts/data_ingestion/data.zip]
[2024-02-04 18:19:56,455: INFO: main: >>>>>> stage Data Ingestion stage completed <<<<<<

x==========x]
[2024-02-04 19:47:01,387: INFO: main: Welcom to our custom log]
[2024-02-04 19:47:01,388: INFO: main: >>>>>> stage Data Ingestion stage started <<<<<<]
[2024-02-04 19:47:01,389: INFO: common: yaml file: config/config.yaml loaded successfully]
[2024-02-04 19:47:01,389: INFO: common: yaml file: params.yaml loaded successfully]
[2024-02-04 19:47:01,389: INFO: common: created directory at: artifacts]
[2024-02-04 19:47:01,390: INFO: common: created directory at: artifacts/data_ingestion]
[2024-02-04 19:47:01,390: INFO: data_ingestion: Downloading data from https://drive.google.com/file/d/17iriTzXvzVbMtVrI1mNW0uZAwgqM9tE3/view?usp=drive_link into file artifacts/data_ingestion/data.zip]
[2024-02-04 19:48:59,368: INFO: data_ingestion: Downloaded data from https://drive.google.com/file/d/17iriTzXvzVbMtVrI1mNW0uZAwgqM9tE3/view?usp=drive_link into file artifacts/data_ingestion/data.zip]
[2024-02-04 19:49:00,048: INFO: main: >>>>>> stage Data Ingestion stage completed <<<<<<

x==========x]
